<?xml version="1.0" encoding="UTF-8"?>
<!-- Generated by org.testng.reporters.JUnitReportReporter -->
<testsuite hostname="RAJ-GARVIK" failures="0" tests="1" name="com.Actitime.TestScript.CreateCustomer" time="15.412" errors="0" timestamp="2023-12-27T10:42:21 IST" skipped="0">
  <testcase classname="com.Actitime.TestScript.CreateCustomer" name="createCustomer" time="15.412"/>
  <system-out>
    <![CDATA[Database is connected
Browser is launched
Logged in Successfully
Logged out Successfully
Closed Browser Successfully
Database disconnected Successfully]]>
  </system-out>
</testsuite> <!-- com.Actitime.TestScript.CreateCustomer -->
